TN:
SF:script/DeployMissCosmoVoting.s.sol
DA:10,3
FN:10,DeployMissCosmoVoting.run
FNDA:3,DeployMissCosmoVoting.run
DA:11,3
DA:12,3
DA:13,3
DA:15,3
FNF:1
FNH:1
LF:5
LH:5
BRF:0
BRH:0
end_of_record
TN:
SF:src/MissCosmoVoting.sol
DA:62,3
FN:62,MissCosmoVoting.onlyOwner
FNDA:3,MissCosmoVoting.onlyOwner
DA:63,3
BRDA:63,0,0,1
DA:71,27
FN:71,MissCosmoVoting.constructor
FNDA:27,MissCosmoVoting.constructor
DA:72,27
BRDA:72,1,0,-
DA:74,27
DA:75,27
DA:78,27
DA:79,27
DA:80,27
DA:81,27
DA:82,27
DA:83,27
DA:91,23
FN:91,MissCosmoVoting.addCandidates
FNDA:23,MissCosmoVoting.addCandidates
DA:92,23
DA:93,45
DA:95,45
DA:97,45
DA:101,3
FN:101,MissCosmoVoting.updateCandidateMetadata
FNDA:3,MissCosmoVoting.updateCandidateMetadata
DA:102,2
BRDA:102,2,0,1
DA:103,1
DA:106,1
DA:109,4
FN:109,MissCosmoVoting.getCandidate
FNDA:4,MissCosmoVoting.getCandidate
DA:110,4
DA:111,4
BRDA:111,3,0,1
DA:112,3
DA:119,7
FN:119,MissCosmoVoting.vote
FNDA:7,MissCosmoVoting.vote
DA:120,7
DA:122,7
BRDA:122,4,0,-
DA:124,7
DA:126,7
BRDA:126,5,0,2
DA:128,5
DA:130,5
DA:132,5
BRDA:132,6,0,1
DA:134,4
DA:135,4
DA:137,4
DA:144,3
FN:144,MissCosmoVoting.withdraw
FNDA:3,MissCosmoVoting.withdraw
DA:145,2
DA:147,2
DA:148,2
BRDA:148,7,0,-
BRDA:148,7,1,2
DA:150,2
DA:157,3
FN:157,MissCosmoVoting.getEthPrice
FNDA:3,MissCosmoVoting.getEthPrice
DA:158,14
DA:159,14
BRDA:159,8,0,1
BRDA:159,8,1,13
DA:161,13
DA:164,6
FN:164,MissCosmoVoting.getRequiredEth
FNDA:6,MissCosmoVoting.getRequiredEth
DA:165,11
DA:166,11
FNF:9
FNH:9
LF:48
LH:48
BRF:11
BRH:8
end_of_record
TN:
SF:test/MissCosmoVoting.t.sol
DA:10,23
FN:10,MockV3Aggregator.constructor
FNDA:23,MockV3Aggregator.constructor
DA:11,23
DA:14,12
FN:14,MockV3Aggregator.latestRoundData
FNDA:12,MockV3Aggregator.latestRoundData
DA:15,12
DA:19,0
FN:19,RevertReceiver.receive
FNDA:0,RevertReceiver.receive
DA:20,0
FNF:3
FNH:2
LF:6
LH:4
BRF:0
BRH:0
end_of_record
