TN:
SF:script/DeployMissCosmoVoting.s.sol
DA:11,3
FN:11,DeployMissCosmoVoting.run
FNDA:3,DeployMissCosmoVoting.run
DA:13,3
DA:14,3
DA:15,3
DA:17,3
FNF:1
FNH:1
LF:5
LH:5
BRF:0
BRH:0
end_of_record
TN:
SF:src/MissCosmoVoting.sol
DA:76,3
FN:76,MissCosmoVoting.onlyOwner
FNDA:3,MissCosmoVoting.onlyOwner
DA:77,3
BRDA:77,0,0,1
DA:85,24
FN:85,MissCosmoVoting.constructor
FNDA:24,MissCosmoVoting.constructor
DA:86,24
BRDA:86,1,0,-
DA:88,24
DA:89,24
DA:92,24
DA:93,24
DA:94,24
DA:95,24
DA:96,24
DA:97,24
DA:105,21
FN:105,MissCosmoVoting.addCandidates
FNDA:21,MissCosmoVoting.addCandidates
DA:109,21
DA:110,41
DA:112,41
DA:119,41
DA:122,3
FN:122,MissCosmoVoting.updateCandidateMetadata
FNDA:3,MissCosmoVoting.updateCandidateMetadata
DA:129,2
DA:130,1
BRDA:130,2,0,1
DA:132,1
DA:135,4
FN:135,MissCosmoVoting.getCandidate
FNDA:4,MissCosmoVoting.getCandidate
DA:140,4
DA:141,4
BRDA:141,3,0,1
DA:142,3
DA:149,6
FN:149,MissCosmoVoting.vote
FNDA:6,MissCosmoVoting.vote
DA:154,6
DA:156,6
BRDA:156,4,0,-
DA:158,6
DA:160,6
BRDA:160,5,0,1
DA:162,5
DA:164,5
DA:166,5
BRDA:166,6,0,1
DA:168,4
DA:169,4
DA:171,4
DA:184,3
FN:184,MissCosmoVoting.withdraw
FNDA:3,MissCosmoVoting.withdraw
DA:185,2
DA:187,2
DA:188,2
BRDA:188,7,0,-
BRDA:188,7,1,2
DA:190,2
DA:197,2
FN:197,MissCosmoVoting.getEthPrice
FNDA:2,MissCosmoVoting.getEthPrice
DA:198,13
DA:199,13
BRDA:199,8,0,-
BRDA:199,8,1,13
DA:201,13
DA:204,6
FN:204,MissCosmoVoting.getRequiredEth
FNDA:6,MissCosmoVoting.getRequiredEth
DA:209,11
DA:210,11
FNF:9
FNH:9
LF:48
LH:48
BRF:11
BRH:7
end_of_record
TN:
SF:test/MissCosmoVoting.t.sol
DA:11,20
FN:11,MockV3Aggregator.constructor
FNDA:20,MockV3Aggregator.constructor
DA:12,20
DA:15,11
FN:15,MockV3Aggregator.latestRoundData
FNDA:11,MockV3Aggregator.latestRoundData
DA:26,11
FNF:2
FNH:2
LF:4
LH:4
BRF:0
BRH:0
end_of_record
